<?xml version="1.0" encoding="UTF-8"?>
<!-- Generated by org.testng.reporters.JUnitReportReporter -->
<testsuite hostname="LAPTOP-A630U333" failures="0" tests="1" name="Extent_report.Working_with_Extent_report" time="6.774" errors="0" timestamp="2022-11-22T18:14:25 IST" skipped="0">
  <testcase classname="Extent_report.Working_with_Extent_report" name="report" time="6.774"/>
  <system-out/>
</testsuite> <!-- Extent_report.Working_with_Extent_report -->
